<?xml version="1.0" encoding="UTF-8"?>
<!-- Generated by org.testng.reporters.JUnitXMLReporter -->
<testsuite ignored="0" hostname="ramkumarra" failures="0" tests="3" name="OrangeTest" time="26.943" errors="0" timestamp="2024-09-12T09:09:18 IST">
  <testcase classname="tests.LoginTestCase01" name="validateAllElements" time="1.267"/>
  <testcase classname="tests.LoginTestCase01" name="LoginwithCorrectCredentials" time="4.412"/>
  <testcase classname="tests.LoginTestCase01" name="LoginWithIncorrectcredentials" time="5.236"/>
</testsuite> <!-- OrangeTest -->
