<?xml version="1.0" encoding="UTF-8"?>
<!-- Generated by org.testng.reporters.JUnitXMLReporter -->
<testsuite ignored="0" hostname="ramkumarra" failures="0" tests="3" name="OrangeTest" time="19.378" errors="0" timestamp="2024-09-14T14:22:37 IST">
  <testcase classname="tests.LoginTestCase01" name="validateAllElements" time="1.277"/>
  <testcase classname="tests.LoginTestCase01" name="LoginwithCorrectCredentials" time="3.67"/>
  <testcase classname="tests.LoginTestCase01" name="LoginWithIncorrectcredentials" time="6.075"/>
</testsuite> <!-- OrangeTest -->
