<?xml version="1.0" encoding="UTF-8"?>
<!-- Generated by org.testng.reporters.JUnitXMLReporter -->
<testsuite ignored="2" hostname="ramkumarra" failures="0" tests="0" name="Default test" time="13.253" errors="0" timestamp="2024-09-10T19:22:09 IST">
  <testcase classname="tests.LoginTestCase01" name="LoginWithIncorrectcredentials" time="0.0">
    <ignored/>
  </testcase> <!-- LoginWithIncorrectcredentials -->
  <testcase classname="tests.LoginTestCase01" name="validateAllElements" time="0.0">
    <ignored/>
  </testcase> <!-- validateAllElements -->
</testsuite> <!-- Default test -->
