<?xml version="1.0" encoding="UTF-8"?>
<testng-results ignored="0" total="3" passed="3" failed="0" skipped="0">
  <reporter-output>
  </reporter-output>
  <suite started-at="2024-09-12T09:08:51 IST" name="OrangeSuite" finished-at="2024-09-12T09:09:18 IST" duration-ms="26943">
    <groups>
    </groups>
    <test started-at="2024-09-12T09:08:51 IST" name="OrangeTest" finished-at="2024-09-12T09:09:18 IST" duration-ms="26943">
      <class name="tests.LoginTestCase01">
        <test-method is-config="true" signature="testSetup()[pri:0, instance:tests.LoginTestCase01@484970b0]" started-at="2024-09-12T09:08:51 IST" name="testSetup" finished-at="2024-09-12T09:08:51 IST" duration-ms="17" status="PASS">
          <reporter-output>
          </reporter-output>
        </test-method> <!-- testSetup -->
        <test-method is-config="true" signature="invokeBrowser()[pri:0, instance:tests.LoginTestCase01@484970b0]" started-at="2024-09-12T09:08:51 IST" name="invokeBrowser" finished-at="2024-09-12T09:09:06 IST" duration-ms="15322" status="PASS">
          <reporter-output>
          </reporter-output>
        </test-method> <!-- invokeBrowser -->
        <test-method signature="validateAllElements()[pri:1, instance:tests.LoginTestCase01@484970b0]" started-at="2024-09-12T09:09:06 IST" name="validateAllElements" finished-at="2024-09-12T09:09:07 IST" duration-ms="1267" status="PASS">
          <reporter-output>
          </reporter-output>
        </test-method> <!-- validateAllElements -->
        <test-method signature="LoginwithCorrectCredentials(java.lang.String,java.lang.String)[pri:2, instance:tests.LoginTestCase01@484970b0]" started-at="2024-09-12T09:09:08 IST" name="LoginwithCorrectCredentials" data-provider="ExcelData" finished-at="2024-09-12T09:09:12 IST" duration-ms="4412" status="PASS">
          <params>
            <param index="0">
              <value>
                <![CDATA[Admin]]>
              </value>
            </param>
            <param index="1">
              <value>
                <![CDATA[admin123]]>
              </value>
            </param>
          </params>
          <reporter-output>
          </reporter-output>
        </test-method> <!-- LoginwithCorrectCredentials -->
        <test-method signature="LoginWithIncorrectcredentials()[pri:3, instance:tests.LoginTestCase01@484970b0]" started-at="2024-09-12T09:09:12 IST" name="LoginWithIncorrectcredentials" finished-at="2024-09-12T09:09:18 IST" duration-ms="5236" status="PASS">
          <reporter-output>
          </reporter-output>
        </test-method> <!-- LoginWithIncorrectcredentials -->
        <test-method is-config="true" signature="closeBrowser()[pri:0, instance:tests.LoginTestCase01@484970b0]" started-at="2024-09-12T09:09:18 IST" name="closeBrowser" finished-at="2024-09-12T09:09:18 IST" duration-ms="115" status="PASS">
          <reporter-output>
          </reporter-output>
        </test-method> <!-- closeBrowser -->
      </class> <!-- tests.LoginTestCase01 -->
    </test> <!-- OrangeTest -->
  </suite> <!-- OrangeSuite -->
</testng-results>
